<?xml version="1.0" encoding="UTF-8"?>
<testsuite xmlns:xsi="http://www.w3.org/2001/XMLSchema-instance" xsi:noNamespaceSchemaLocation="https://maven.apache.org/surefire/maven-surefire-plugin/xsd/surefire-test-report.xsd" name="ccyg.AppTest" time="0.161" tests="1" errors="0" skipped="0" failures="0">
  <properties>
    <property name="sun.desktop" value="windows"/>
    <property name="awt.toolkit" value="sun.awt.windows.WToolkit"/>
    <property name="java.specification.version" value="9"/>
    <property name="file.encoding.pkg" value="sun.io"/>
    <property name="sun.cpu.isalist" value="amd64"/>
    <property name="sun.jnu.encoding" value="GBK"/>
    <property name="java.class.path" value="D:\Idea_workspace\CCYG_parent\utils\target\test-classes;D:\Idea_workspace\CCYG_parent\utils\target\classes;D:\softManager\install\maven-3.5.4\apache-maven-3.5.4\local_resposity\junit\junit\4.11\junit-4.11.jar;D:\softManager\install\maven-3.5.4\apache-maven-3.5.4\local_resposity\org\hamcrest\hamcrest-core\1.3\hamcrest-core-1.3.jar;D:\softManager\install\maven-3.5.4\apache-maven-3.5.4\local_resposity\com\belerweb\pinyin4j\2.5.1\pinyin4j-2.5.1.jar;D:\softManager\install\maven-3.5.4\apache-maven-3.5.4\local_resposity\org\apache\poi\poi\3.9\poi-3.9.jar;D:\softManager\install\maven-3.5.4\apache-maven-3.5.4\local_resposity\commons-codec\commons-codec\1.5\commons-codec-1.5.jar;D:\softManager\install\maven-3.5.4\apache-maven-3.5.4\local_resposity\org\apache\poi\poi-ooxml\3.9\poi-ooxml-3.9.jar;D:\softManager\install\maven-3.5.4\apache-maven-3.5.4\local_resposity\org\apache\poi\poi-ooxml-schemas\3.9\poi-ooxml-schemas-3.9.jar;D:\softManager\install\maven-3.5.4\apache-maven-3.5.4\local_resposity\dom4j\dom4j\1.6.1\dom4j-1.6.1.jar;D:\softManager\install\maven-3.5.4\apache-maven-3.5.4\local_resposity\xml-apis\xml-apis\1.0.b2\xml-apis-1.0.b2.jar;D:\softManager\install\maven-3.5.4\apache-maven-3.5.4\local_resposity\org\apache\xmlbeans\xmlbeans\2.4.0\xmlbeans-2.4.0.jar;D:\softManager\install\maven-3.5.4\apache-maven-3.5.4\local_resposity\stax\stax-api\1.0.1\stax-api-1.0.1.jar;D:\softManager\install\maven-3.5.4\apache-maven-3.5.4\local_resposity\org\codehaus\jackson\jackson-mapper-asl\1.9.11\jackson-mapper-asl-1.9.11.jar;D:\softManager\install\maven-3.5.4\apache-maven-3.5.4\local_resposity\org\codehaus\jackson\jackson-core-asl\1.9.11\jackson-core-asl-1.9.11.jar;D:\softManager\install\maven-3.5.4\apache-maven-3.5.4\local_resposity\org\bouncycastle\bcprov-jdk16\1.46\bcprov-jdk16-1.46.jar;D:\softManager\install\maven-3.5.4\apache-maven-3.5.4\local_resposity\javax\servlet\servlet-api\2.5\servlet-api-2.5.jar;"/>
    <property name="java.vm.vendor" value="Oracle Corporation"/>
    <property name="sun.arch.data.model" value="64"/>
    <property name="user.variant" value=""/>
    <property name="java.vendor.url" value="http://java.oracle.com/"/>
    <property name="user.timezone" value="Asia/Shanghai"/>
    <property name="java.vm.specification.version" value="9"/>
    <property name="os.name" value="Windows 10"/>
    <property name="sun.java.launcher" value="SUN_STANDARD"/>
    <property name="user.country" value="CN"/>
    <property name="sun.boot.library.path" value="C:\Program Files\Java\jre-9.0.1\bin"/>
    <property name="sun.java.command" value="C:\Users\lmj\AppData\Local\Temp\surefire9595804200432386567\surefirebooter262900769016630854.jar C:\Users\lmj\AppData\Local\Temp\surefire9595804200432386567 2019-03-24T07-16-39_639-jvmRun1 surefire17977204124643657647tmp surefire_013919348910809233396tmp"/>
    <property name="jdk.debug" value="release"/>
    <property name="surefire.test.class.path" value="D:\Idea_workspace\CCYG_parent\utils\target\test-classes;D:\Idea_workspace\CCYG_parent\utils\target\classes;D:\softManager\install\maven-3.5.4\apache-maven-3.5.4\local_resposity\junit\junit\4.11\junit-4.11.jar;D:\softManager\install\maven-3.5.4\apache-maven-3.5.4\local_resposity\org\hamcrest\hamcrest-core\1.3\hamcrest-core-1.3.jar;D:\softManager\install\maven-3.5.4\apache-maven-3.5.4\local_resposity\com\belerweb\pinyin4j\2.5.1\pinyin4j-2.5.1.jar;D:\softManager\install\maven-3.5.4\apache-maven-3.5.4\local_resposity\org\apache\poi\poi\3.9\poi-3.9.jar;D:\softManager\install\maven-3.5.4\apache-maven-3.5.4\local_resposity\commons-codec\commons-codec\1.5\commons-codec-1.5.jar;D:\softManager\install\maven-3.5.4\apache-maven-3.5.4\local_resposity\org\apache\poi\poi-ooxml\3.9\poi-ooxml-3.9.jar;D:\softManager\install\maven-3.5.4\apache-maven-3.5.4\local_resposity\org\apache\poi\poi-ooxml-schemas\3.9\poi-ooxml-schemas-3.9.jar;D:\softManager\install\maven-3.5.4\apache-maven-3.5.4\local_resposity\dom4j\dom4j\1.6.1\dom4j-1.6.1.jar;D:\softManager\install\maven-3.5.4\apache-maven-3.5.4\local_resposity\xml-apis\xml-apis\1.0.b2\xml-apis-1.0.b2.jar;D:\softManager\install\maven-3.5.4\apache-maven-3.5.4\local_resposity\org\apache\xmlbeans\xmlbeans\2.4.0\xmlbeans-2.4.0.jar;D:\softManager\install\maven-3.5.4\apache-maven-3.5.4\local_resposity\stax\stax-api\1.0.1\stax-api-1.0.1.jar;D:\softManager\install\maven-3.5.4\apache-maven-3.5.4\local_resposity\org\codehaus\jackson\jackson-mapper-asl\1.9.11\jackson-mapper-asl-1.9.11.jar;D:\softManager\install\maven-3.5.4\apache-maven-3.5.4\local_resposity\org\codehaus\jackson\jackson-core-asl\1.9.11\jackson-core-asl-1.9.11.jar;D:\softManager\install\maven-3.5.4\apache-maven-3.5.4\local_resposity\org\bouncycastle\bcprov-jdk16\1.46\bcprov-jdk16-1.46.jar;D:\softManager\install\maven-3.5.4\apache-maven-3.5.4\local_resposity\javax\servlet\servlet-api\2.5\servlet-api-2.5.jar;"/>
    <property name="sun.cpu.endian" value="little"/>
    <property name="user.home" value="C:\Users\lmj"/>
    <property name="user.language" value="zh"/>
    <property name="java.specification.vendor" value="Oracle Corporation"/>
    <property name="java.home" value="C:\Program Files\Java\jre-9.0.1"/>
    <property name="file.separator" value="\"/>
    <property name="basedir" value="D:\Idea_workspace\CCYG_parent\utils"/>
    <property name="java.vm.compressedOopsMode" value="32-bit"/>
    <property name="line.separator" value="&#10;"/>
    <property name="java.vm.specification.vendor" value="Oracle Corporation"/>
    <property name="java.specification.name" value="Java Platform API Specification"/>
    <property name="java.awt.graphicsenv" value="sun.awt.Win32GraphicsEnvironment"/>
    <property name="surefire.real.class.path" value="C:\Users\lmj\AppData\Local\Temp\surefire9595804200432386567\surefirebooter262900769016630854.jar"/>
    <property name="user.script" value=""/>
    <property name="sun.management.compiler" value="HotSpot 64-Bit Tiered Compilers"/>
    <property name="java.runtime.version" value="9.0.1+11"/>
    <property name="user.name" value="lmj"/>
    <property name="path.separator" value=";"/>
    <property name="os.version" value="10.0"/>
    <property name="java.runtime.name" value="Java(TM) SE Runtime Environment"/>
    <property name="file.encoding" value="GBK"/>
    <property name="java.vm.name" value="Java HotSpot(TM) 64-Bit Server VM"/>
    <property name="localRepository" value="D:\softManager\install\maven-3.5.4\apache-maven-3.5.4\local_resposity"/>
    <property name="java.vendor.url.bug" value="http://bugreport.java.com/bugreport/"/>
    <property name="java.io.tmpdir" value="C:\Users\lmj\AppData\Local\Temp\"/>
    <property name="java.version" value="9.0.1"/>
    <property name="user.dir" value="D:\Idea_workspace\CCYG_parent\utils"/>
    <property name="os.arch" value="amd64"/>
    <property name="java.vm.specification.name" value="Java Virtual Machine Specification"/>
    <property name="java.awt.printerjob" value="sun.awt.windows.WPrinterJob"/>
    <property name="sun.os.patch.level" value=""/>
    <property name="java.library.path" value="C:\Program Files\Java\jre-9.0.1\bin;C:\Windows\Sun\Java\bin;C:\Windows\system32;C:\Windows;D:\softManager\install\oracle\app\lmj\product\11.2.0\dbhome_1\bin;C:\ProgramData\Oracle\Java\javapath;C:\Windows\system32;C:\Windows;C:\Windows\System32\Wbem;C:\Windows\System32\WindowsPowerShell\v1.0\;C:\Windows\System32\OpenSSH\;D:\softManager\install\svn\bin;D:\softManager\install\Git\cmd;C:\Users\lmj\AppData\Local\Microsoft\WindowsApps;D:\softManager\install\nodejs;D:\softManager\download\nodejs;D:\softManager\download\nodejs\node_modules\cnpm\bin\cnpm;D:\java9.1workspace\bin;D:\softManager\install\python3;D:\android_workspace\sdk\ndk-bundle;D:\softManager\install\cmake\cmake_exe\cmake-3.13.0-rc1-win64-x64\bin;D:\softManager\install\AI\tools\cuda\bin;D:\android_workspace\gradle\wrapper\dists\gradle-4.1-bin\c3kp51zwwt108wc78u68yt7vs\gradle-4.1\bin;D:\android_workspace\sdk\platform-tools;D:\softManager\install\apache-maven-3.6.0-bin\apache-maven-3.6.0\bin;D:\softManager\install\mysql-5.7.23-winx64\mysql-5.7.23-winx64\bin;;."/>
    <property name="java.vm.info" value="mixed mode"/>
    <property name="java.vendor" value="Oracle Corporation"/>
    <property name="java.vm.version" value="9.0.1+11"/>
    <property name="sun.io.unicode.encoding" value="UnicodeLittle"/>
    <property name="java.class.version" value="53.0"/>
  </properties>
  <testcase name="shouldAnswerWithTrue" classname="ccyg.AppTest" time="0.003"/>
</testsuite>